# 1000 data points
# index number
0 993439
1 995837
2 996029
3 997668
4 997266
5 994153
6 993190
7 993890
8 984066
9 994417
10 993216
11 995353
12 989234
13 986803
14 984707
15 996100
16 983618
17 981987
18 981789
19 979893
20 979855
21 979305
22 978356
23 975227
24 974752
25 974654
26 963893
27 974018
28 973487
29 973141
30 972846
31 970562
32 968304
33 948478
34 966777
35 964050
36 985556
37 963188
38 961095
39 958937
40 958537
41 957401
42 957398
43 955189
44 954356
45 951319
46 950560
47 950240
48 949411
49 949232
50 988148
51 948156
52 947613
53 947355
54 947229
55 946175
56 945317
57 944237
58 943559
59 942798
60 942033
61 940934
62 939735
63 939447
64 937102
65 936550
66 936400
67 936223
68 934992
69 933819
70 930303
71 928055
72 927580
73 926247
74 925650
75 924554
76 924307
77 851041
78 921858
79 919944
80 915812
81 915227
82 915110
83 913068
84 908608
85 907813
86 906659
87 906380
88 903065
89 901543
90 901383
91 901284
92 900160
93 895246
94 895011
95 894571
96 892644
97 891135
98 890004
99 889940
100 889247
101 877241
102 889175
103 886441
104 883929
105 880541
106 880441
107 880271
108 879915
109 879036
110 878128
111 877711
112 764069
113 896555
114 876671
115 874856
116 874191
117 872648
118 871977
119 871833
120 967141
121 870445
122 870230
123 869579
124 869414
125 868962
126 867177
127 866252
128 866169
129 866072
130 864960
131 862842
132 860940
133 860676
134 860676
135 860526
136 860270
137 859150
138 857779
139 857400
140 856560
141 855318
142 852760
143 852443
144 937645
145 850250
146 850007
147 848045
148 846604
149 846175
150 842522
151 842013
152 841929
153 841356
154 836872
155 836608
156 836593
157 836363
158 835715
159 835613
160 834466
161 833104
162 833086
163 830439
164 829522
165 829254
166 824575
167 824316
168 823924
169 823665
170 822762
171 821798
172 764501
173 820705
174 819276
175 817128
176 814999
177 813741
178 811353
179 811346
180 811329
181 810754
182 783911
183 810706
184 809984
185 792635
186 809451
187 809111
188 773665
189 809077
190 799606
191 808302
192 808053
193 807256
194 804727
195 804448
196 801863
197 801449
198 800921
199 951217
200 798704
201 797601
202 797093
203 794590
204 794061
205 793839
206 792686
207 834844
208 791541
209 790805
210 790678
211 790233
212 789040
213 788437
214 787748
215 784179
216 863961
217 782753
218 781987
219 781326
220 780470
221 778094
222 777641
223 777484
224 775547
225 774082
226 773678
227 978796
228 773534
229 770216
230 769071
231 768062
232 764802
233 958094
234 755262
235 871384
236 761997
237 761940
238 760129
239 758034
240 757079
241 503082
242 756935
243 976100
244 752407
245 751857
246 748702
247 747547
248 747260
249 746198
250 745858
251 745400
252 745294
253 743810
254 742297
255 679361
256 741835
257 739751
258 738749
259 737800
260 737148
261 736337
262 736164
263 735523
264 735440
265 733035
266 731842
267 731775
268 730312
269 729747
270 729691
271 727655
272 727592
273 727489
274 727464
275 727306
276 727130
277 723966
278 723358
279 720675
280 720230
281 718562
282 716845
283 715655
284 715566
285 715440
286 713647
287 712948
288 712521
289 711924
290 711826
291 711009
292 710619
293 710490
294 709993
295 703951
296 703713
297 701723
298 700967
299 697949
300 665882
301 697161
302 696034
303 695890
304 695065
305 695037
306 693489
307 693314
308 692960
309 691698
310 691316
311 690381
312 690215
313 689863
314 689459
315 689248
316 688521
317 685964
318 685736
319 684058
320 683273
321 681415
322 680774
323 679945
324 679393
325 831100
326 679229
327 675112
328 673156
329 672799
330 672684
331 670086
332 670082
333 667859
334 837924
335 664808
336 664363
337 662302
338 661707
339 661656
340 661525
341 660299
342 659183
343 658876
344 658063
345 656443
346 656371
347 656107
348 654275
349 653089
350 651963
351 649557
352 649146
353 648520
354 648503
355 647137
356 646861
357 644790
358 644471
359 642920
360 641743
361 641342
362 641057
363 640226
364 639271
365 634693
366 634190
367 632119
368 631167
369 628924
370 627887
371 627838
372 627811
373 626051
374 625731
375 625627
376 623000
377 622662
378 622391
379 621710
380 620799
381 620065
382 617794
383 615315
384 615041
385 612450
386 611745
387 610973
388 610708
389 610573
390 610238
391 609434
392 608730
393 605170
394 604523
395 603424
396 601810
397 601540
398 600999
399 600551
400 598258
401 598061
402 595217
403 593781
404 593158
405 592523
406 591903
407 590193
408 589844
409 588695
410 587372
411 586755
412 586261
413 585946
414 584514
415 584459
416 584045
417 583406
418 583338
419 580432
420 580128
421 579584
422 579035
423 578032
424 577593
425 577494
426 576787
427 573903
428 572859
429 571638
430 570522
431 570039
432 568751
433 568647
434 568127
435 566903
436 566221
437 565890
438 563911
439 562661
440 560971
441 560135
442 556164
443 554996
444 553902
445 553547
446 552386
447 552160
448 551632
449 551528
450 551475
451 550770
452 549604
453 548273
454 547542
455 547292
456 545761
457 544888
458 543898
459 543563
460 542974
461 542510
462 541339
463 541306
464 540143
465 539557
466 539245
467 538582
468 534507
469 533783
470 533756
471 533060
472 530512
473 530231
474 530221
475 529891
476 529450
477 529427
478 528682
479 527947
480 527609
481 526251
482 525939
483 523303
484 522990
485 522273
486 521594
487 521155
488 517664
489 516555
490 515956
491 515659
492 512937
493 512254
494 511907
495 510886
496 510406
497 509446
498 508662
499 508019
500 505631
501 503491
502 961779
503 502714
504 500558
505 500532
506 499615
507 498254
508 497254
509 495729
510 493706
511 492648
512 492288
513 492159
514 491943
515 487404
516 485081
517 483167
518 483134
519 480821
520 480214
521 478273
522 478081
523 476912
524 475603
525 475469
526 475212
527 473404
528 472997
529 472542
530 471879
531 470628
532 470614
533 469864
534 469486
535 467153
536 464689
537 463391
538 461816
539 460672
540 460163
541 458907
542 458583
543 457790
544 455890
545 455619
546 455348
547 453649
548 452518
549 452211
550 451933
551 448509
552 447838
553 447367
554 447044
555 446969
556 444652
557 444014
558 443384
559 442811
560 441674
561 440712
562 439651
563 438416
564 437828
565 436990
566 435422
567 434230
568 433975
569 432388
570 432256
571 431255
572 430471
573 426599
574 425478
575 425476
576 424885
577 423539
578 420690
579 419063
580 417474
581 415455
582 413235
583 411573
584 411526
585 411149
586 410979
587 410424
588 410013
589 409976
590 409701
591 409373
592 407069
593 403469
594 402638
595 402087
596 401338
597 400362
598 399297
599 396020
600 394880
601 394554
602 393381
603 392149
604 389430
605 387754
606 387596
607 387357
608 385737
609 385035
610 384807
611 383920
612 383184
613 382443
614 379996
615 379427
616 378216
617 377010
618 372504
619 371142
620 371083
621 370726
622 370686
623 370097
624 369954
625 369433
626 369285
627 369219
628 368946
629 368218
630 367868
631 365389
632 365042
633 364514
634 363625
635 362734
636 361235
637 360494
638 359802
639 358318
640 358180
641 357355
642 356479
643 354919
644 352953
645 352648
646 351882
647 351759
648 351201
649 350999
650 350090
651 349914
652 349610
653 349157
654 349088
655 348974
656 348523
657 347798
658 347730
659 346645
660 345614
661 344784
662 343351
663 343067
664 341672
665 341332
666 340703
667 338908
668 336521
669 335890
670 335666
671 334199
672 333841
673 333712
674 333353
675 332968
676 332005
677 330659
678 329312
679 328930
680 326827
681 324867
682 324281
683 323693
684 323291
685 320740
686 320731
687 319911
688 318342
689 316980
690 316098
691 314351
692 312991
693 311803
694 311265
695 310984
696 310856
697 310771
698 309139
699 307167
700 305146
701 304905
702 302721
703 301595
704 298581
705 297947
706 296394
707 296375
708 295257
709 294834
710 294543
711 294369
712 290209
713 288146
714 287854
715 285470
716 283925
717 282785
718 282617
719 282482
720 281567
721 281351
722 280770
723 277540
724 275339
725 274368
726 272953
727 270246
728 270163
729 267904
730 267435
731 267354
732 265679
733 263266
734 262319
735 262258
736 260051
737 259468
738 258586
739 257973
740 257645
741 256479
742 255834
743 255284
744 254873
745 253815
746 253186
747 252752
748 0
749 252499
750 252046
751 251662
752 251581
753 248749
754 248438
755 246474
756 246058
757 245162
758 244287
759 243529
760 243200
761 242968
762 241282
763 239527
764 239053
765 238278
766 237960
767 235747
768 234637
769 233826
770 232646
771 232121
772 231429
773 231008
774 230176
775 229565
776 229545
777 228566
778 225762
779 224506
780 224500
781 220791
782 218012
783 217151
784 216863
785 216506
786 215978
787 215733
788 215298
789 213631
790 213494
791 213176
792 212673
793 210038
794 208775
795 207209
796 205717
797 205077
798 203947
799 201437
800 200495
801 200364
802 200239
803 197487
804 196505
805 194683
806 192933
807 192849
808 192163
809 190446
810 189735
811 184017
812 183974
813 183586
814 181727
815 181719
816 180243
817 179790
818 177000
819 176140
820 175803
821 175713
822 175395
823 174699
824 174378
825 173659
826 172906
827 171571
828 171044
829 170259
830 169123
831 165512
832 163962
833 163799
834 162275
835 160226
836 159851
837 159046
838 157370
839 156458
840 156163
841 151782
842 150554
843 150341
844 149683
845 148139
846 147485
847 147037
848 143870
849 143591
850 141353
851 140970
852 140490
853 140443
854 138370
855 138048
856 136060
857 135116
858 134995
859 134577
860 134423
861 134244
862 132561
863 132495
864 131018
865 129413
866 127711
867 126510
868 125975
869 124048
870 121449
871 120632
872 120311
873 120129
874 118591
875 117818
876 117567
877 112575
878 110938
879 110503
880 110133
881 107674
882 106887
883 103924
884 103255
885 102640
886 102258
887 101070
888 100977
889 100938
890 100233
891 98744
892 98043
893 97886
894 97711
895 97667
896 97357
897 95484
898 94635
899 93674
900 92387
901 91483
902 91465
903 91340
904 89663
905 89625
906 89315
907 88533
908 87506
909 86034
910 84253
911 83097
912 82860
913 82779
914 81544
915 81285
916 80414
917 79702
918 76714
919 76592
920 76101
921 76077
922 76031
923 75951
924 75762
925 75505
926 75038
927 74178
928 72922
929 72599
930 71276
931 70893
932 70042
933 68998
934 68535
935 68378
936 68345
937 68184
938 67847
939 63959
940 63660
941 63229
942 61605
943 61318
944 59514
945 57618
946 52693
947 50874
948 50225
949 50039
950 47588
951 46985
952 45556
953 44955
954 43567
955 42888
956 42176
957 41880
958 41818
959 41197
960 39571
961 38853
962 38338
963 35289
964 35140
965 34263
966 33172
967 32709
968 32676
969 31780
970 31068
971 30891
972 29823
973 29686
974 29135
975 28779
976 27534
977 27346
978 26935
979 26263
980 21001
981 19016
982 18275
983 17082
984 16327
985 15471
986 14345
987 13331
988 11944
989 10188
990 9546
991 9250
992 8008
993 7982
994 4393
995 4366
996 4208
997 3389
998 3294
999 998585
